<?xml version="1.0" encoding="utf-8"?><testsuites name="pytest tests"><testsuite name="pytest" errors="0" failures="0" skipped="0" tests="30" time="14.573" timestamp="2026-02-28T08:25:41.389775+00:00" hostname="agent-env-4604f66f-22f4-4354-b260-00095366d285"><testcase classname="backend.tests.test_api.TestRootEndpoint" name="test_api_root" time="0.198" /><testcase classname="backend.tests.test_api.TestAuthentication" name="test_register_new_user" time="0.423" /><testcase classname="backend.tests.test_api.TestAuthentication" name="test_register_duplicate_email" time="0.162" /><testcase classname="backend.tests.test_api.TestAuthentication" name="test_register_invalid_email" time="0.166" /><testcase classname="backend.tests.test_api.TestAuthentication" name="test_register_short_password" time="0.168" /><testcase classname="backend.tests.test_api.TestAuthentication" name="test_login_success" time="0.396" /><testcase classname="backend.tests.test_api.TestAuthentication" name="test_login_invalid_email" time="0.171" /><testcase classname="backend.tests.test_api.TestAuthentication" name="test_login_wrong_password" time="0.400" /><testcase classname="backend.tests.test_api.TestAuthentication" name="test_get_current_user" time="0.571" /><testcase classname="backend.tests.test_api.TestAuthentication" name="test_get_current_user_no_token" time="0.172" /><testcase classname="backend.tests.test_api.TestAuthentication" name="test_get_current_user_invalid_token" time="0.169" /><testcase classname="backend.tests.test_api.TestDashboard" name="test_get_dashboard" time="0.564" /><testcase classname="backend.tests.test_api.TestDashboard" name="test_dashboard_unauthorized" time="0.176" /><testcase classname="backend.tests.test_api.TestCompanies" name="test_get_all_companies" time="0.555" /><testcase classname="backend.tests.test_api.TestCompanies" name="test_match_profile" time="0.578" /><testcase classname="backend.tests.test_api.TestCompanies" name="test_get_user_matches" time="0.596" /><testcase classname="backend.tests.test_api.TestResume" name="test_resume_evaluate_text" time="0.581" /><testcase classname="backend.tests.test_api.TestApplications" name="test_apply_to_company" time="0.744" /><testcase classname="backend.tests.test_api.TestApplications" name="test_get_my_applications" time="0.553" /><testcase classname="backend.tests.test_api.TestYouTubeLearning" name="test_get_youtube_recommendations" time="0.571" /><testcase classname="backend.tests.test_api.TestProjects" name="test_create_project" time="0.559" /><testcase classname="backend.tests.test_api.TestProjects" name="test_get_projects" time="0.593" /><testcase classname="backend.tests.test_api.TestProjects" name="test_project_full_crud" time="1.070" /><testcase classname="backend.tests.test_api.TestQuiz" name="test_get_aptitude_questions" time="0.610" /><testcase classname="backend.tests.test_api.TestQuiz" name="test_get_coding_questions" time="0.596" /><testcase classname="backend.tests.test_api.TestQuiz" name="test_get_invalid_category" time="0.571" /><testcase classname="backend.tests.test_api.TestInterview" name="test_create_hr_interview_session" time="0.676" /><testcase classname="backend.tests.test_api.TestInterview" name="test_create_technical_interview_session" time="0.559" /><testcase classname="backend.tests.test_api.TestInterview" name="test_create_invalid_interview_type" time="0.589" /><testcase classname="backend.tests.test_api.TestInterview" name="test_submit_interview_response" time="0.729" /></testsuite></testsuites>