<?xml version="1.0" encoding="utf-8"?><testsuites name="pytest tests"><testsuite name="pytest" errors="0" failures="1" skipped="0" tests="30" time="14.639" timestamp="2026-02-28T08:23:09.290102+00:00" hostname="agent-env-4604f66f-22f4-4354-b260-00095366d285"><testcase classname="backend.tests.test_api.TestRootEndpoint" name="test_api_root" time="0.273" /><testcase classname="backend.tests.test_api.TestAuthentication" name="test_register_new_user" time="0.412" /><testcase classname="backend.tests.test_api.TestAuthentication" name="test_register_duplicate_email" time="0.158" /><testcase classname="backend.tests.test_api.TestAuthentication" name="test_register_invalid_email" time="0.158" /><testcase classname="backend.tests.test_api.TestAuthentication" name="test_register_short_password" time="0.169" /><testcase classname="backend.tests.test_api.TestAuthentication" name="test_login_success" time="0.402" /><testcase classname="backend.tests.test_api.TestAuthentication" name="test_login_invalid_email" time="0.168" /><testcase classname="backend.tests.test_api.TestAuthentication" name="test_login_wrong_password" time="0.395" /><testcase classname="backend.tests.test_api.TestAuthentication" name="test_get_current_user" time="0.566" /><testcase classname="backend.tests.test_api.TestAuthentication" name="test_get_current_user_no_token" time="0.164" /><testcase classname="backend.tests.test_api.TestAuthentication" name="test_get_current_user_invalid_token" time="0.170"><failure message="AssertionError: Expected 401, got 500&#10;assert 500 == 401&#10; +  where 500 = &lt;Response [500]&gt;.status_code">backend/tests/test_api.py:168: in test_get_current_user_invalid_token
    assert response.status_code == 401, f"Expected 401, got {response.status_code}"
E   AssertionError: Expected 401, got 500
E   assert 500 == 401
E    +  where 500 = &lt;Response [500]&gt;.status_code</failure></testcase><testcase classname="backend.tests.test_api.TestDashboard" name="test_get_dashboard" time="0.577" /><testcase classname="backend.tests.test_api.TestDashboard" name="test_dashboard_unauthorized" time="0.158" /><testcase classname="backend.tests.test_api.TestCompanies" name="test_get_all_companies" time="0.573" /><testcase classname="backend.tests.test_api.TestCompanies" name="test_match_profile" time="0.588" /><testcase classname="backend.tests.test_api.TestCompanies" name="test_get_user_matches" time="0.594" /><testcase classname="backend.tests.test_api.TestResume" name="test_resume_evaluate_text" time="0.596" /><testcase classname="backend.tests.test_api.TestApplications" name="test_apply_to_company" time="0.738" /><testcase classname="backend.tests.test_api.TestApplications" name="test_get_my_applications" time="0.553" /><testcase classname="backend.tests.test_api.TestYouTubeLearning" name="test_get_youtube_recommendations" time="0.552" /><testcase classname="backend.tests.test_api.TestProjects" name="test_create_project" time="0.577" /><testcase classname="backend.tests.test_api.TestProjects" name="test_get_projects" time="0.571" /><testcase classname="backend.tests.test_api.TestProjects" name="test_project_full_crud" time="1.092" /><testcase classname="backend.tests.test_api.TestQuiz" name="test_get_aptitude_questions" time="0.587" /><testcase classname="backend.tests.test_api.TestQuiz" name="test_get_coding_questions" time="0.558" /><testcase classname="backend.tests.test_api.TestQuiz" name="test_get_invalid_category" time="0.577" /><testcase classname="backend.tests.test_api.TestInterview" name="test_create_hr_interview_session" time="0.601" /><testcase classname="backend.tests.test_api.TestInterview" name="test_create_technical_interview_session" time="0.570" /><testcase classname="backend.tests.test_api.TestInterview" name="test_create_invalid_interview_type" time="0.572" /><testcase classname="backend.tests.test_api.TestInterview" name="test_submit_interview_response" time="0.732" /></testsuite></testsuites>